[INFO] Scanning for projects...
[INFO] 
[INFO] -----------------------< org.example:ArchiveCat >-----------------------
[INFO] Building ArchiveCat 1.0-SNAPSHOT
[INFO] --------------------------------[ jar ]---------------------------------
[INFO] 
[INFO] --- maven-resources-plugin:2.6:resources (default-resources) @ ArchiveCat ---
[WARNING] Using platform encoding (UTF-8 actually) to copy filtered resources, i.e. build is platform dependent!
[INFO] Copying 4 resources
[INFO] 
[INFO] --- maven-compiler-plugin:3.6.1:compile (default-compile) @ ArchiveCat ---
[INFO] Changes detected - recompiling the module!
[WARNING] File encoding has not been set, using platform encoding UTF-8, i.e. build is platform dependent!
[INFO] Compiling 13 source files to /home/carson/Projects/msu/csci-366-fall2021/grading/scripts/repos/steven_vought/cloud/target/classes
[INFO] 
[INFO] --- maven-resources-plugin:2.6:testResources (default-testResources) @ ArchiveCat ---
[WARNING] Using platform encoding (UTF-8 actually) to copy filtered resources, i.e. build is platform dependent!
[INFO] skip non existing resourceDirectory /home/carson/Projects/msu/csci-366-fall2021/grading/scripts/repos/steven_vought/cloud/src/test/resources
[INFO] 
[INFO] --- maven-compiler-plugin:3.6.1:testCompile (default-testCompile) @ ArchiveCat ---
[INFO] Changes detected - recompiling the module!
[WARNING] File encoding has not been set, using platform encoding UTF-8, i.e. build is platform dependent!
[INFO] Compiling 6 source files to /home/carson/Projects/msu/csci-366-fall2021/grading/scripts/repos/steven_vought/cloud/target/test-classes
[INFO] 
[INFO] --- maven-surefire-plugin:2.12.4:test (default-test) @ ArchiveCat ---
[INFO] Surefire report directory: /home/carson/Projects/msu/csci-366-fall2021/grading/scripts/repos/steven_vought/cloud/target/surefire-reports

-------------------------------------------------------
 T E S T S
-------------------------------------------------------
Running edu.montana.csci.csci366.archivecat.archiver.ArchiveTest
Tests run: 2, Failures: 0, Errors: 0, Skipped: 0, Time elapsed: 0.054 sec
Running edu.montana.csci.csci366.archivecat.archiver.jobs.JobsTest
Tests run: 4, Failures: 4, Errors: 0, Skipped: 0, Time elapsed: 0.508 sec <<< FAILURE!
edu.montana.csci.csci366.archivecat.archiver.jobs.JobsTest.testCSSDownload()  Time elapsed: 0.489 sec  <<< FAILURE!
java.net.ConnectException: Connection refused
	at java.net.http/jdk.internal.net.http.HttpClientImpl.send(HttpClientImpl.java:561)
	at java.net.http/jdk.internal.net.http.HttpClientFacade.send(HttpClientFacade.java:119)
	at edu.montana.csci.csci366.archivecat.archiver.jobs.CssDownloadJob.downloadResource(CssDownloadJob.java:28)
	at edu.montana.csci.csci366.archivecat.archiver.jobs.JobsTest.testCSSDownload(JobsTest.java:54)
Caused by: java.net.ConnectException: Connection refused
	at java.base/sun.nio.ch.SocketChannelImpl.checkConnect(Native Method)
	at java.base/sun.nio.ch.SocketChannelImpl.finishConnect(SocketChannelImpl.java:777)
	at java.net.http/jdk.internal.net.http.PlainHttpConnection$ConnectEvent.handle(PlainHttpConnection.java:128)
	at java.net.http/jdk.internal.net.http.HttpClientImpl$SelectorManager.handleEvent(HttpClientImpl.java:957)
	at java.net.http/jdk.internal.net.http.HttpClientImpl$SelectorManager.lambda$run$3(HttpClientImpl.java:912)
	at java.base/java.util.ArrayList.forEach(ArrayList.java:1541)
	at java.net.http/jdk.internal.net.http.HttpClientImpl$SelectorManager.run(HttpClientImpl.java:912)

edu.montana.csci.csci366.archivecat.archiver.jobs.JobsTest.testJSDownload()  Time elapsed: 0.006 sec  <<< FAILURE!
java.net.ConnectException: Connection refused
	at java.net.http/jdk.internal.net.http.HttpClientImpl.send(HttpClientImpl.java:561)
	at java.net.http/jdk.internal.net.http.HttpClientFacade.send(HttpClientFacade.java:119)
	at edu.montana.csci.csci366.archivecat.archiver.jobs.JavascriptDownloadJob.downloadResource(JavascriptDownloadJob.java:25)
	at edu.montana.csci.csci366.archivecat.archiver.jobs.JobsTest.testJSDownload(JobsTest.java:68)
Caused by: java.net.ConnectException: Connection refused
	at java.base/sun.nio.ch.SocketChannelImpl.checkConnect(Native Method)
	at java.base/sun.nio.ch.SocketChannelImpl.finishConnect(SocketChannelImpl.java:777)
	at java.net.http/jdk.internal.net.http.PlainHttpConnection$ConnectEvent.handle(PlainHttpConnection.java:128)
	at java.net.http/jdk.internal.net.http.HttpClientImpl$SelectorManager.handleEvent(HttpClientImpl.java:957)
	at java.net.http/jdk.internal.net.http.HttpClientImpl$SelectorManager.lambda$run$3(HttpClientImpl.java:912)
	at java.base/java.util.ArrayList.forEach(ArrayList.java:1541)
	at java.net.http/jdk.internal.net.http.HttpClientImpl$SelectorManager.run(HttpClientImpl.java:912)

edu.montana.csci.csci366.archivecat.archiver.jobs.JobsTest.testGifDownload()  Time elapsed: 0.006 sec  <<< FAILURE!
java.net.ConnectException: Connection refused
	at java.net.http/jdk.internal.net.http.HttpClientImpl.send(HttpClientImpl.java:561)
	at java.net.http/jdk.internal.net.http.HttpClientFacade.send(HttpClientFacade.java:119)
	at edu.montana.csci.csci366.archivecat.archiver.jobs.ImageDownloadJob.downloadResource(ImageDownloadJob.java:29)
	at edu.montana.csci.csci366.archivecat.archiver.jobs.JobsTest.testGifDownload(JobsTest.java:82)
Caused by: java.net.ConnectException: Connection refused
	at java.base/sun.nio.ch.SocketChannelImpl.checkConnect(Native Method)
	at java.base/sun.nio.ch.SocketChannelImpl.finishConnect(SocketChannelImpl.java:777)
	at java.net.http/jdk.internal.net.http.PlainHttpConnection$ConnectEvent.handle(PlainHttpConnection.java:128)
	at java.net.http/jdk.internal.net.http.HttpClientImpl$SelectorManager.handleEvent(HttpClientImpl.java:957)
	at java.net.http/jdk.internal.net.http.HttpClientImpl$SelectorManager.lambda$run$3(HttpClientImpl.java:912)
	at java.base/java.util.ArrayList.forEach(ArrayList.java:1541)
	at java.net.http/jdk.internal.net.http.HttpClientImpl$SelectorManager.run(HttpClientImpl.java:912)

edu.montana.csci.csci366.archivecat.archiver.jobs.JobsTest.testJpegDownload()  Time elapsed: 0.005 sec  <<< FAILURE!
java.net.ConnectException: Connection refused
	at java.net.http/jdk.internal.net.http.HttpClientImpl.send(HttpClientImpl.java:561)
	at java.net.http/jdk.internal.net.http.HttpClientFacade.send(HttpClientFacade.java:119)
	at edu.montana.csci.csci366.archivecat.archiver.jobs.ImageDownloadJob.downloadResource(ImageDownloadJob.java:29)
	at edu.montana.csci.csci366.archivecat.archiver.jobs.JobsTest.testJpegDownload(JobsTest.java:96)
Caused by: java.net.ConnectException: Connection refused
	at java.base/sun.nio.ch.SocketChannelImpl.checkConnect(Native Method)
	at java.base/sun.nio.ch.SocketChannelImpl.finishConnect(SocketChannelImpl.java:777)
	at java.net.http/jdk.internal.net.http.PlainHttpConnection$ConnectEvent.handle(PlainHttpConnection.java:128)
	at java.net.http/jdk.internal.net.http.HttpClientImpl$SelectorManager.handleEvent(HttpClientImpl.java:957)
	at java.net.http/jdk.internal.net.http.HttpClientImpl$SelectorManager.lambda$run$3(HttpClientImpl.java:912)
	at java.base/java.util.ArrayList.forEach(ArrayList.java:1541)
	at java.net.http/jdk.internal.net.http.HttpClientImpl$SelectorManager.run(HttpClientImpl.java:912)

Running edu.montana.csci.csci366.archivecat.archiver.runners.ThreadPoolJobRunnerTest
Tests run: 0, Failures: 0, Errors: 0, Skipped: 0, Time elapsed: 0 sec
Running edu.montana.csci.csci366.archivecat.archiver.runners.InThreadJobRunnerTest
Tests run: 0, Failures: 0, Errors: 0, Skipped: 0, Time elapsed: 0 sec
Running edu.montana.csci.csci366.archivecat.archiver.runners.ThreadedJobRunnerTest
Tests run: 0, Failures: 0, Errors: 0, Skipped: 0, Time elapsed: 0 sec

Results :

Failed tests:   edu.montana.csci.csci366.archivecat.archiver.jobs.JobsTest.testCSSDownload(): Connection refused
  edu.montana.csci.csci366.archivecat.archiver.jobs.JobsTest.testJSDownload(): Connection refused
  edu.montana.csci.csci366.archivecat.archiver.jobs.JobsTest.testGifDownload(): Connection refused
  edu.montana.csci.csci366.archivecat.archiver.jobs.JobsTest.testJpegDownload(): Connection refused

Tests run: 6, Failures: 4, Errors: 0, Skipped: 0

[INFO] ------------------------------------------------------------------------
[INFO] BUILD FAILURE
[INFO] ------------------------------------------------------------------------
[INFO] Total time:  3.949 s
[INFO] Finished at: 2021-12-06T09:56:46-07:00
[INFO] ------------------------------------------------------------------------
[ERROR] Failed to execute goal org.apache.maven.plugins:maven-surefire-plugin:2.12.4:test (default-test) on project ArchiveCat: There are test failures.
[ERROR] 
[ERROR] Please refer to /home/carson/Projects/msu/csci-366-fall2021/grading/scripts/repos/steven_vought/cloud/target/surefire-reports for the individual test results.
[ERROR] -> [Help 1]
[ERROR] 
[ERROR] To see the full stack trace of the errors, re-run Maven with the -e switch.
[ERROR] Re-run Maven using the -X switch to enable full debug logging.
[ERROR] 
[ERROR] For more information about the errors and possible solutions, please read the following articles:
[ERROR] [Help 1] http://cwiki.apache.org/confluence/display/MAVEN/MojoFailureException
